<?xml version="1.0" encoding="UTF-8"?>
<!-- Generated by org.testng.reporters.JUnitReportReporter -->
<testsuite hostname="Farahs-Air" failures="0" tests="1" name="Runner" time="0.219" errors="0" timestamp="2024-01-26T19:31:18 EET" skipped="0">
  <testcase classname="Runner" name="runScenario" time="0.219"/>
  <system-out/>
</testsuite> <!-- Runner -->
